Performing C SOURCE FILE Test CMAKE_HAVE_LIBC_PTHREAD failed with the following output:
Change Dir: /home/linux/workspace/pizzas/build/CMakeFiles/CMakeTmp

Run Build Command(s):/usr/bin/make cmTC_29707/fast && /usr/bin/make -f CMakeFiles/cmTC_29707.dir/build.make CMakeFiles/cmTC_29707.dir/build
make[1]: Wejście do katalogu '/home/linux/workspace/pizzas/build/CMakeFiles/CMakeTmp'
Building C object CMakeFiles/cmTC_29707.dir/src.c.o
/usr/bin/cc   -DCMAKE_HAVE_LIBC_PTHREAD   -o CMakeFiles/cmTC_29707.dir/src.c.o   -c /home/linux/workspace/pizzas/build/CMakeFiles/CMakeTmp/src.c
Linking C executable cmTC_29707
/usr/bin/cmake -E cmake_link_script CMakeFiles/cmTC_29707.dir/link.txt --verbose=1
/usr/bin/cc  -DCMAKE_HAVE_LIBC_PTHREAD    CMakeFiles/cmTC_29707.dir/src.c.o  -o cmTC_29707 
/usr/bin/ld: CMakeFiles/cmTC_29707.dir/src.c.o: in function `main':
src.c:(.text+0x46): undefined reference to `pthread_create'
/usr/bin/ld: src.c:(.text+0x52): undefined reference to `pthread_detach'
/usr/bin/ld: src.c:(.text+0x63): undefined reference to `pthread_join'
collect2: error: ld returned 1 exit status
make[1]: *** [CMakeFiles/cmTC_29707.dir/build.make:87: cmTC_29707] Błąd 1
make[1]: Opuszczenie katalogu '/home/linux/workspace/pizzas/build/CMakeFiles/CMakeTmp'
make: *** [Makefile:121: cmTC_29707/fast] Błąd 2


Source file was:
#include <pthread.h>

void* test_func(void* data)
{
  return data;
}

int main(void)
{
  pthread_t thread;
  pthread_create(&thread, NULL, test_func, NULL);
  pthread_detach(thread);
  pthread_join(thread, NULL);
  pthread_atfork(NULL, NULL, NULL);
  pthread_exit(NULL);

  return 0;
}

Determining if the function pthread_create exists in the pthreads failed with the following output:
Change Dir: /home/linux/workspace/pizzas/build/CMakeFiles/CMakeTmp

Run Build Command(s):/usr/bin/make cmTC_c0f07/fast && /usr/bin/make -f CMakeFiles/cmTC_c0f07.dir/build.make CMakeFiles/cmTC_c0f07.dir/build
make[1]: Wejście do katalogu '/home/linux/workspace/pizzas/build/CMakeFiles/CMakeTmp'
Building C object CMakeFiles/cmTC_c0f07.dir/CheckFunctionExists.c.o
/usr/bin/cc   -DCHECK_FUNCTION_EXISTS=pthread_create   -o CMakeFiles/cmTC_c0f07.dir/CheckFunctionExists.c.o   -c /usr/share/cmake-3.16/Modules/CheckFunctionExists.c
Linking C executable cmTC_c0f07
/usr/bin/cmake -E cmake_link_script CMakeFiles/cmTC_c0f07.dir/link.txt --verbose=1
/usr/bin/cc  -DCHECK_FUNCTION_EXISTS=pthread_create    CMakeFiles/cmTC_c0f07.dir/CheckFunctionExists.c.o  -o cmTC_c0f07  -lpthreads 
/usr/bin/ld: cannot find -lpthreads
collect2: error: ld returned 1 exit status
make[1]: *** [CMakeFiles/cmTC_c0f07.dir/build.make:87: cmTC_c0f07] Błąd 1
make[1]: Opuszczenie katalogu '/home/linux/workspace/pizzas/build/CMakeFiles/CMakeTmp'
make: *** [Makefile:121: cmTC_c0f07/fast] Błąd 2



